<?xml version="1.0" encoding="UTF-8"?>
<!-- Generated by org.testng.reporters.JUnitReportReporter -->
<testsuite hostname="lenovoRTX" failures="0" tests="1" name="TestClickOnShoppingCartLink" time="2.183" errors="0" timestamp="2024-03-12T23:04:53 GMT" skipped="0">
  <testcase classname="TestClickOnShoppingCartLink" name="clickOnShoppingCartLink" time="2.183"/>
  <system-out>
Login successful Shopping cart page is opened  </system-out>
</testsuite> <!-- TestClickOnShoppingCartLink -->
