<?xml version="1.0" encoding="UTF-8"?>
<!-- Generated by org.testng.reporters.JUnitReportReporter -->
<testsuite hostname="lenovoRTX" failures="0" tests="1" name="AddProductToCartUsingPOM" time="2.471" errors="0" timestamp="2024-03-11T23:37:06 GMT" skipped="0">
  <testcase classname="AddProductToCartUsingPOM" name="addProductToCart" time="2.471"/>
  <system-out/>
</testsuite> <!-- AddProductToCartUsingPOM -->
