<?xml version="1.0" encoding="UTF-8"?>
<!-- Generated by org.testng.reporters.JUnitReportReporter -->
<testsuite hostname="lenovoRTX" failures="0" tests="1" name="ClickOnShoppingCartLink" time="1.868" errors="0" timestamp="2024-03-11T23:37:48 GMT" skipped="0">
  <testcase classname="ClickOnShoppingCartLink" name="clickOnShoppingCartLink" time="1.868"/>
  <system-out>
Login successful Shopping cart page is opened  </system-out>
</testsuite> <!-- ClickOnShoppingCartLink -->
