<?xml version="1.0" encoding="UTF-8"?>
<!-- Generated by org.testng.reporters.JUnitReportReporter -->
<testsuite hostname="lenovoRTX" failures="0" tests="1" name="AddProductToWishlist" time="3.047" errors="0" timestamp="2024-03-11T23:50:35 GMT" skipped="0">
  <testcase classname="AddProductToWishlist" name="addToWishList" time="3.047"/>
  <system-out>
Products page is displayed User entered correct recipient name User entered correct recipient email User added a product to wish list button  </system-out>
</testsuite> <!-- AddProductToWishlist -->
