<?xml version="1.0" encoding="UTF-8"?>
<!-- Generated by org.testng.reporters.JUnitReportReporter -->
<testsuite hostname="lenovoRTX" failures="0" tests="1" name="TestSubscribeToNewsLetter" time="4.075" errors="0" timestamp="2024-03-12T23:26:34 GMT" skipped="0">
  <testcase classname="TestSubscribeToNewsLetter" name="subscribe" time="4.075"/>
  <system-out>
Login successful User entered correct email into email text field Subscribed to newsletter  </system-out>
</testsuite> <!-- TestSubscribeToNewsLetter -->
